[7725:7725:0318/210037.804184:INFO:chrome_browser_cloud_management_controller.cc(196)] No machine level policy manager exists.
[7763:7763:0318/210037.919817:WARNING:sandbox_linux.cc(420)] InitializeSandbox() called with multiple threads in process gpu-process.
[7763:7763:0318/210037.921124:WARNING:viz_main_impl.cc(85)] VizNullHypothesis is disabled (not a warning)
[7725:7725:0318/210038.448670:INFO:CONSOLE(1)] "Removing unpermitted intrinsics", source: chrome-extension://nkbihfbeogaeaoehlefnkodbefgpgknn/scripts/lockdown-install.js (1)
[7725:7725:0318/210038.449992:INFO:CONSOLE(1)] "console.groupEnd", source: chrome-extension://nkbihfbeogaeaoehlefnkodbefgpgknn/scripts/lockdown-install.js (1)
[7725:7725:0318/210038.480160:INFO:CONSOLE(5496)] "Removing unpermitted intrinsics", source: chrome-extension://nkbihfbeogaeaoehlefnkodbefgpgknn/scripts/runtime-lavamoat.js (5496)
[7725:7725:0318/210038.480857:INFO:CONSOLE(1)] "Removing intrinsics.Promise.try", source: chrome-extension://nkbihfbeogaeaoehlefnkodbefgpgknn/scripts/sentry-install.js (1)
[7725:7725:0318/210038.483768:INFO:CONSOLE(1)] "Removing intrinsics.%FunctionPrototype%.apply.prototype", source: chrome-extension://nkbihfbeogaeaoehlefnkodbefgpgknn/scripts/sentry-install.js (1)
[7725:7725:0318/210038.483935:INFO:CONSOLE(1)] "Tolerating undeletable intrinsics.%FunctionPrototype%.apply.prototype === undefined", source: chrome-extension://nkbihfbeogaeaoehlefnkodbefgpgknn/scripts/sentry-install.js (1)
[7725:7725:0318/210038.483986:INFO:CONSOLE(1)] "Removing intrinsics.%FunctionPrototype%.bind.prototype", source: chrome-extension://nkbihfbeogaeaoehlefnkodbefgpgknn/scripts/sentry-install.js (1)
[7725:7725:0318/210038.484018:INFO:CONSOLE(1)] "Tolerating undeletable intrinsics.%FunctionPrototype%.bind.prototype === undefined", source: chrome-extension://nkbihfbeogaeaoehlefnkodbefgpgknn/scripts/sentry-install.js (1)
[7725:7725:0318/210038.484243:INFO:CONSOLE(5746)] "console.groupEnd", source: chrome-extension://nkbihfbeogaeaoehlefnkodbefgpgknn/scripts/runtime-lavamoat.js (5746)
[7725:7725:0318/210038.500213:INFO:CONSOLE(1)] "Property eval will not be hardened because it is scuttled by LavaMoat protection. Visit https://github.com/LavaMoat/LavaMoat/pull/360 to learn more.", source: chrome-extension://nkbihfbeogaeaoehlefnkodbefgpgknn/scripts/sentry-install.js (1)
[7725:7725:0318/210039.047437:INFO:CONSOLE(1)] "WARNING: Missing strong random number source", source: chrome-extension://nkbihfbeogaeaoehlefnkodbefgpgknn/scripts/sentry-install.js (1)
[7725:7725:0318/210039.881993:INFO:CONSOLE(1)] "This browser doesn't support requestAnimationFrame. Make sure that you load a polyfill in older browsers. https://fb.me/react-polyfills", source: chrome-extension://nkbihfbeogaeaoehlefnkodbefgpgknn/scripts/sentry-install.js (1)
[7725:7725:0318/210039.882528:INFO:CONSOLE(1)] "This browser doesn't support cancelAnimationFrame. Make sure that you load a polyfill in older browsers. https://fb.me/react-polyfills", source: chrome-extension://nkbihfbeogaeaoehlefnkodbefgpgknn/scripts/sentry-install.js (1)
[7725:7725:0318/210039.989835:INFO:CONSOLE(1)] "SCRIPTS IMPORT COMPLETE in Seconds: 1.899", source: chrome-extension://nkbihfbeogaeaoehlefnkodbefgpgknn/scripts/sentry-install.js (1)
[7725:7725:0318/210039.995477:INFO:CONSOLE(1)] "Dropped attempt to register inpage content script. Error: Duplicate script ID 'inpage'", source: chrome-extension://nkbihfbeogaeaoehlefnkodbefgpgknn/scripts/sentry-install.js (1)
[7725:7725:0318/210041.153423:INFO:CONSOLE(1)] "Uncaught TypeError: Cannot read properties of undefined (reading 'getSelf')", source: chrome-extension://nkbihfbeogaeaoehlefnkodbefgpgknn/scripts/sentry-install.js (1)
[7725:7725:0318/210041.159087:INFO:CONSOLE(5496)] "Removing unpermitted intrinsics", source: chrome-extension://nkbihfbeogaeaoehlefnkodbefgpgknn/scripts/runtime-lavamoat.js (5496)
[7725:7725:0318/210041.159150:INFO:CONSOLE(5500)] "Removing intrinsics.Promise.try", source: chrome-extension://nkbihfbeogaeaoehlefnkodbefgpgknn/scripts/runtime-lavamoat.js (5500)
[7725:7725:0318/210041.161731:INFO:CONSOLE(5500)] "Removing intrinsics.%FunctionPrototype%.apply.prototype", source: chrome-extension://nkbihfbeogaeaoehlefnkodbefgpgknn/scripts/runtime-lavamoat.js (5500)
[7725:7725:0318/210041.162097:INFO:CONSOLE(5500)] "Tolerating undeletable intrinsics.%FunctionPrototype%.apply.prototype === undefined", source: chrome-extension://nkbihfbeogaeaoehlefnkodbefgpgknn/scripts/runtime-lavamoat.js (5500)
[7725:7725:0318/210041.162438:INFO:CONSOLE(5500)] "Removing intrinsics.%FunctionPrototype%.bind.prototype", source: chrome-extension://nkbihfbeogaeaoehlefnkodbefgpgknn/scripts/runtime-lavamoat.js (5500)
[7725:7725:0318/210041.162858:INFO:CONSOLE(5500)] "Tolerating undeletable intrinsics.%FunctionPrototype%.bind.prototype === undefined", source: chrome-extension://nkbihfbeogaeaoehlefnkodbefgpgknn/scripts/runtime-lavamoat.js (5500)
[7725:7725:0318/210041.163316:INFO:CONSOLE(5746)] "console.groupEnd", source: chrome-extension://nkbihfbeogaeaoehlefnkodbefgpgknn/scripts/runtime-lavamoat.js (5746)
[7725:7725:0318/210041.197887:INFO:CONSOLE(23)] "Snow detected a new realm creation attempt in MetaMask. Performing scuttling on new realm. [object Window]", source: chrome-extension://nkbihfbeogaeaoehlefnkodbefgpgknn/scripts/use-snow.js (23)
[7725:7725:0318/210041.203902:INFO:CONSOLE(23)] "Snow detected a new realm creation attempt in MetaMask. Performing scuttling on new realm. [object Window]", source: chrome-extension://nkbihfbeogaeaoehlefnkodbefgpgknn/scripts/use-snow.js (23)
[7725:7725:0318/210041.208468:INFO:CONSOLE(8469)] "Property eval will not be hardened because it is scuttled by LavaMoat protection. Visit https://github.com/LavaMoat/LavaMoat/pull/360 to learn more.", source: chrome-extension://nkbihfbeogaeaoehlefnkodbefgpgknn/scripts/runtime-lavamoat.js (8469)
[7725:7725:0318/210041.617292:INFO:CONSOLE(23)] "Snow detected a new realm creation attempt in MetaMask. Performing scuttling on new realm. [object Window]", source: chrome-extension://nkbihfbeogaeaoehlefnkodbefgpgknn/scripts/use-snow.js (23)
[7725:7725:0318/210041.791124:INFO:CONSOLE(1)] "MetaMask initialization complete.", source: chrome-extension://nkbihfbeogaeaoehlefnkodbefgpgknn/scripts/sentry-install.js (1)
[7725:7725:0318/210041.865707:INFO:CONSOLE(1)] "Removing unpermitted intrinsics", source: chrome-extension://nkbihfbeogaeaoehlefnkodbefgpgknn/scripts/lockdown-install.js (1)
[7725:7725:0318/210041.866923:INFO:CONSOLE(1)] "console.groupEnd", source: chrome-extension://nkbihfbeogaeaoehlefnkodbefgpgknn/scripts/lockdown-install.js (1)
[7725:7725:0318/210042.042412:INFO:CONSOLE(1)] "MetaMask < = > Ledger Bridge initialized from https://metamask.github.io/ledger-iframe-bridge/8.0.3/!", source: https://metamask.github.io/ledger-iframe-bridge/8.0.3/assets/index-j_SGnqki.js (1)
[7725:7725:0318/210042.171148:INFO:CONSOLE(1)] "RPC (https://metamask.github.io): metamask_sendDomainMetadata -> success", source: chrome-extension://nkbihfbeogaeaoehlefnkodbefgpgknn/scripts/sentry-install.js (1)
[7725:7725:0318/210042.171821:INFO:CONSOLE(1)] "Offscreen iframe loaded", source: chrome-extension://nkbihfbeogaeaoehlefnkodbefgpgknn/scripts/sentry-install.js (1)
[7725:7725:0318/210042.579903:INFO:CONSOLE(1)] "RPC (https://www.google.com): metamask_getProviderState -> success", source: chrome-extension://nkbihfbeogaeaoehlefnkodbefgpgknn/scripts/sentry-install.js (1)
[7725:7725:0318/210042.581100:INFO:CONSOLE(1)] "RPC (https://www.google.com): metamask_sendDomainMetadata -> success", source: chrome-extension://nkbihfbeogaeaoehlefnkodbefgpgknn/scripts/sentry-install.js (1)
[7725:7725:0318/210042.837205:INFO:CONSOLE(1)] "RPC (https://metamask.github.io): metamask_getProviderState -> success", source: chrome-extension://nkbihfbeogaeaoehlefnkodbefgpgknn/scripts/sentry-install.js (1)
[7763:7763:0318/210042.964184:ERROR:gl_surface_presentation_helper.cc(260)] GetVSyncParametersIfAvailable() failed for 1 times!
[7765:7788:0318/210044.185518:WARNING:sqlite_persistent_store_backend_base.cc(198)] Failed to post task from FlushAndNotifyInBackground@net/extras/sqlite/sqlite_persistent_store_backend_base.cc:248 to client_task_runner_.
[7765:7788:0318/210044.185709:WARNING:sqlite_persistent_store_backend_base.cc(198)] Failed to post task from FlushAndNotifyInBackground@net/extras/sqlite/sqlite_persistent_store_backend_base.cc:248 to client_task_runner_.
