[8384:8384:0318/210058.045525:INFO:chrome_browser_cloud_management_controller.cc(196)] No machine level policy manager exists.
[8422:8422:0318/210058.167426:WARNING:sandbox_linux.cc(420)] InitializeSandbox() called with multiple threads in process gpu-process.
[8422:8422:0318/210058.168383:WARNING:viz_main_impl.cc(85)] VizNullHypothesis is disabled (not a warning)
[8422:8422:0318/210058.629781:ERROR:shared_image_manager.cc(401)] SharedImageManager::ProduceSkia: Trying to Produce a Skia representation from a non-existent mailbox.
[8422:8422:0318/210058.631007:ERROR:shared_image_manager.cc(401)] SharedImageManager::ProduceSkia: Trying to Produce a Skia representation from a non-existent mailbox.
[8422:8422:0318/210058.631975:ERROR:shared_image_manager.cc(401)] SharedImageManager::ProduceSkia: Trying to Produce a Skia representation from a non-existent mailbox.
[8384:8384:0318/210058.700248:INFO:CONSOLE(1)] "Removing unpermitted intrinsics", source: chrome-extension://nkbihfbeogaeaoehlefnkodbefgpgknn/scripts/lockdown-install.js (1)
[8384:8384:0318/210058.701526:INFO:CONSOLE(1)] "console.groupEnd", source: chrome-extension://nkbihfbeogaeaoehlefnkodbefgpgknn/scripts/lockdown-install.js (1)
[8384:8384:0318/210058.712413:INFO:CONSOLE(5496)] "Removing unpermitted intrinsics", source: chrome-extension://nkbihfbeogaeaoehlefnkodbefgpgknn/scripts/runtime-lavamoat.js (5496)
[8384:8384:0318/210058.713255:INFO:CONSOLE(1)] "Removing intrinsics.Promise.try", source: chrome-extension://nkbihfbeogaeaoehlefnkodbefgpgknn/scripts/sentry-install.js (1)
[8384:8384:0318/210058.716685:INFO:CONSOLE(1)] "Removing intrinsics.%FunctionPrototype%.apply.prototype", source: chrome-extension://nkbihfbeogaeaoehlefnkodbefgpgknn/scripts/sentry-install.js (1)
[8384:8384:0318/210058.716809:INFO:CONSOLE(1)] "Tolerating undeletable intrinsics.%FunctionPrototype%.apply.prototype === undefined", source: chrome-extension://nkbihfbeogaeaoehlefnkodbefgpgknn/scripts/sentry-install.js (1)
[8384:8384:0318/210058.716849:INFO:CONSOLE(1)] "Removing intrinsics.%FunctionPrototype%.bind.prototype", source: chrome-extension://nkbihfbeogaeaoehlefnkodbefgpgknn/scripts/sentry-install.js (1)
[8384:8384:0318/210058.716877:INFO:CONSOLE(1)] "Tolerating undeletable intrinsics.%FunctionPrototype%.bind.prototype === undefined", source: chrome-extension://nkbihfbeogaeaoehlefnkodbefgpgknn/scripts/sentry-install.js (1)
[8384:8384:0318/210058.717044:INFO:CONSOLE(5746)] "console.groupEnd", source: chrome-extension://nkbihfbeogaeaoehlefnkodbefgpgknn/scripts/runtime-lavamoat.js (5746)
[8384:8384:0318/210058.733955:INFO:CONSOLE(1)] "Property eval will not be hardened because it is scuttled by LavaMoat protection. Visit https://github.com/LavaMoat/LavaMoat/pull/360 to learn more.", source: chrome-extension://nkbihfbeogaeaoehlefnkodbefgpgknn/scripts/sentry-install.js (1)
[8384:8384:0318/210059.281122:INFO:CONSOLE(1)] "WARNING: Missing strong random number source", source: chrome-extension://nkbihfbeogaeaoehlefnkodbefgpgknn/scripts/sentry-install.js (1)
[8384:8384:0318/210100.102411:INFO:CONSOLE(1)] "This browser doesn't support requestAnimationFrame. Make sure that you load a polyfill in older browsers. https://fb.me/react-polyfills", source: chrome-extension://nkbihfbeogaeaoehlefnkodbefgpgknn/scripts/sentry-install.js (1)
[8384:8384:0318/210100.102673:INFO:CONSOLE(1)] "This browser doesn't support cancelAnimationFrame. Make sure that you load a polyfill in older browsers. https://fb.me/react-polyfills", source: chrome-extension://nkbihfbeogaeaoehlefnkodbefgpgknn/scripts/sentry-install.js (1)
[8384:8384:0318/210100.208039:INFO:CONSOLE(1)] "SCRIPTS IMPORT COMPLETE in Seconds: 1.886", source: chrome-extension://nkbihfbeogaeaoehlefnkodbefgpgknn/scripts/sentry-install.js (1)
[8384:8384:0318/210100.213226:INFO:CONSOLE(1)] "Dropped attempt to register inpage content script. Error: Duplicate script ID 'inpage'", source: chrome-extension://nkbihfbeogaeaoehlefnkodbefgpgknn/scripts/sentry-install.js (1)
[8384:8384:0318/210100.880933:INFO:CONSOLE(1)] "Uncaught TypeError: Cannot read properties of undefined (reading 'getSelf')", source: chrome-extension://nkbihfbeogaeaoehlefnkodbefgpgknn/scripts/sentry-install.js (1)
[8384:8384:0318/210101.049420:INFO:CONSOLE(5496)] "Removing unpermitted intrinsics", source: chrome-extension://nkbihfbeogaeaoehlefnkodbefgpgknn/scripts/runtime-lavamoat.js (5496)
[8384:8384:0318/210101.049478:INFO:CONSOLE(5500)] "Removing intrinsics.Promise.try", source: chrome-extension://nkbihfbeogaeaoehlefnkodbefgpgknn/scripts/runtime-lavamoat.js (5500)
[8384:8384:0318/210101.049693:INFO:CONSOLE(5500)] "Removing intrinsics.%FunctionPrototype%.apply.prototype", source: chrome-extension://nkbihfbeogaeaoehlefnkodbefgpgknn/scripts/runtime-lavamoat.js (5500)
[8384:8384:0318/210101.049725:INFO:CONSOLE(5500)] "Tolerating undeletable intrinsics.%FunctionPrototype%.apply.prototype === undefined", source: chrome-extension://nkbihfbeogaeaoehlefnkodbefgpgknn/scripts/runtime-lavamoat.js (5500)
[8384:8384:0318/210101.049817:INFO:CONSOLE(5500)] "Removing intrinsics.%FunctionPrototype%.bind.prototype", source: chrome-extension://nkbihfbeogaeaoehlefnkodbefgpgknn/scripts/runtime-lavamoat.js (5500)
[8384:8384:0318/210101.049839:INFO:CONSOLE(5500)] "Tolerating undeletable intrinsics.%FunctionPrototype%.bind.prototype === undefined", source: chrome-extension://nkbihfbeogaeaoehlefnkodbefgpgknn/scripts/runtime-lavamoat.js (5500)
[8384:8384:0318/210101.049861:INFO:CONSOLE(5746)] "console.groupEnd", source: chrome-extension://nkbihfbeogaeaoehlefnkodbefgpgknn/scripts/runtime-lavamoat.js (5746)
[8384:8384:0318/210101.050002:INFO:CONSOLE(23)] "Snow detected a new realm creation attempt in MetaMask. Performing scuttling on new realm. [object Window]", source: chrome-extension://nkbihfbeogaeaoehlefnkodbefgpgknn/scripts/use-snow.js (23)
[8384:8384:0318/210101.050014:INFO:CONSOLE(23)] "Snow detected a new realm creation attempt in MetaMask. Performing scuttling on new realm. [object Window]", source: chrome-extension://nkbihfbeogaeaoehlefnkodbefgpgknn/scripts/use-snow.js (23)
[8384:8384:0318/210101.050028:INFO:CONSOLE(8469)] "Property eval will not be hardened because it is scuttled by LavaMoat protection. Visit https://github.com/LavaMoat/LavaMoat/pull/360 to learn more.", source: chrome-extension://nkbihfbeogaeaoehlefnkodbefgpgknn/scripts/runtime-lavamoat.js (8469)
[8384:8384:0318/210101.249137:INFO:CONSOLE(23)] "Snow detected a new realm creation attempt in MetaMask. Performing scuttling on new realm. [object Window]", source: chrome-extension://nkbihfbeogaeaoehlefnkodbefgpgknn/scripts/use-snow.js (23)
[8384:8384:0318/210101.460952:INFO:CONSOLE(1)] "Removing unpermitted intrinsics", source: chrome-extension://nkbihfbeogaeaoehlefnkodbefgpgknn/scripts/lockdown-install.js (1)
[8384:8384:0318/210101.462342:INFO:CONSOLE(1)] "console.groupEnd", source: chrome-extension://nkbihfbeogaeaoehlefnkodbefgpgknn/scripts/lockdown-install.js (1)
[8384:8384:0318/210101.790256:INFO:CONSOLE(1)] "MetaMask < = > Ledger Bridge initialized from https://metamask.github.io/ledger-iframe-bridge/8.0.3/!", source: https://metamask.github.io/ledger-iframe-bridge/8.0.3/assets/index-j_SGnqki.js (1)
[8384:8384:0318/210101.953673:INFO:CONSOLE(1)] "Offscreen iframe loaded", source: chrome-extension://nkbihfbeogaeaoehlefnkodbefgpgknn/scripts/sentry-install.js (1)
[8384:8384:0318/210101.957154:INFO:CONSOLE(1)] "MetaMask initialization complete.", source: chrome-extension://nkbihfbeogaeaoehlefnkodbefgpgknn/scripts/sentry-install.js (1)
[8384:8384:0318/210102.754148:INFO:CONSOLE(1)] "RPC (https://metamask.github.io): metamask_getProviderState -> success", source: chrome-extension://nkbihfbeogaeaoehlefnkodbefgpgknn/scripts/sentry-install.js (1)
[8384:8384:0318/210102.755686:INFO:CONSOLE(1)] "RPC (https://metamask.github.io): metamask_sendDomainMetadata -> success", source: chrome-extension://nkbihfbeogaeaoehlefnkodbefgpgknn/scripts/sentry-install.js (1)
[8384:8384:0318/210102.962944:INFO:CONSOLE(1)] "RPC (https://www.google.com): metamask_getProviderState -> success", source: chrome-extension://nkbihfbeogaeaoehlefnkodbefgpgknn/scripts/sentry-install.js (1)
[8384:8384:0318/210102.963823:INFO:CONSOLE(1)] "RPC (https://www.google.com): metamask_sendDomainMetadata -> success", source: chrome-extension://nkbihfbeogaeaoehlefnkodbefgpgknn/scripts/sentry-install.js (1)
[8422:8422:0318/210103.214033:ERROR:gl_surface_presentation_helper.cc(260)] GetVSyncParametersIfAvailable() failed for 1 times!
[8424:8447:0318/210104.443459:WARNING:sqlite_persistent_store_backend_base.cc(198)] Failed to post task from FlushAndNotifyInBackground@net/extras/sqlite/sqlite_persistent_store_backend_base.cc:248 to client_task_runner_.
[8424:8447:0318/210104.443595:WARNING:sqlite_persistent_store_backend_base.cc(198)] Failed to post task from FlushAndNotifyInBackground@net/extras/sqlite/sqlite_persistent_store_backend_base.cc:248 to client_task_runner_.
