[8165:8165:0318/210051.125798:INFO:chrome_browser_cloud_management_controller.cc(196)] No machine level policy manager exists.
[8205:8205:0318/210051.236959:WARNING:sandbox_linux.cc(420)] InitializeSandbox() called with multiple threads in process gpu-process.
[8205:8205:0318/210051.237897:WARNING:viz_main_impl.cc(85)] VizNullHypothesis is disabled (not a warning)
[8165:8165:0318/210051.769107:INFO:CONSOLE(1)] "Removing unpermitted intrinsics", source: chrome-extension://nkbihfbeogaeaoehlefnkodbefgpgknn/scripts/lockdown-install.js (1)
[8165:8165:0318/210051.770455:INFO:CONSOLE(1)] "console.groupEnd", source: chrome-extension://nkbihfbeogaeaoehlefnkodbefgpgknn/scripts/lockdown-install.js (1)
[8165:8165:0318/210051.804625:INFO:CONSOLE(5496)] "Removing unpermitted intrinsics", source: chrome-extension://nkbihfbeogaeaoehlefnkodbefgpgknn/scripts/runtime-lavamoat.js (5496)
[8165:8165:0318/210051.805215:INFO:CONSOLE(1)] "Removing intrinsics.Promise.try", source: chrome-extension://nkbihfbeogaeaoehlefnkodbefgpgknn/scripts/sentry-install.js (1)
[8165:8165:0318/210051.808469:INFO:CONSOLE(1)] "Removing intrinsics.%FunctionPrototype%.apply.prototype", source: chrome-extension://nkbihfbeogaeaoehlefnkodbefgpgknn/scripts/sentry-install.js (1)
[8165:8165:0318/210051.808629:INFO:CONSOLE(1)] "Tolerating undeletable intrinsics.%FunctionPrototype%.apply.prototype === undefined", source: chrome-extension://nkbihfbeogaeaoehlefnkodbefgpgknn/scripts/sentry-install.js (1)
[8165:8165:0318/210051.808673:INFO:CONSOLE(1)] "Removing intrinsics.%FunctionPrototype%.bind.prototype", source: chrome-extension://nkbihfbeogaeaoehlefnkodbefgpgknn/scripts/sentry-install.js (1)
[8165:8165:0318/210051.808698:INFO:CONSOLE(1)] "Tolerating undeletable intrinsics.%FunctionPrototype%.bind.prototype === undefined", source: chrome-extension://nkbihfbeogaeaoehlefnkodbefgpgknn/scripts/sentry-install.js (1)
[8165:8165:0318/210051.808868:INFO:CONSOLE(5746)] "console.groupEnd", source: chrome-extension://nkbihfbeogaeaoehlefnkodbefgpgknn/scripts/runtime-lavamoat.js (5746)
[8165:8165:0318/210051.825822:INFO:CONSOLE(1)] "Property eval will not be hardened because it is scuttled by LavaMoat protection. Visit https://github.com/LavaMoat/LavaMoat/pull/360 to learn more.", source: chrome-extension://nkbihfbeogaeaoehlefnkodbefgpgknn/scripts/sentry-install.js (1)
[8165:8165:0318/210052.358776:INFO:CONSOLE(1)] "WARNING: Missing strong random number source", source: chrome-extension://nkbihfbeogaeaoehlefnkodbefgpgknn/scripts/sentry-install.js (1)
[8165:8165:0318/210053.203796:INFO:CONSOLE(1)] "This browser doesn't support requestAnimationFrame. Make sure that you load a polyfill in older browsers. https://fb.me/react-polyfills", source: chrome-extension://nkbihfbeogaeaoehlefnkodbefgpgknn/scripts/sentry-install.js (1)
[8165:8165:0318/210053.204049:INFO:CONSOLE(1)] "This browser doesn't support cancelAnimationFrame. Make sure that you load a polyfill in older browsers. https://fb.me/react-polyfills", source: chrome-extension://nkbihfbeogaeaoehlefnkodbefgpgknn/scripts/sentry-install.js (1)
[8165:8165:0318/210053.316878:INFO:CONSOLE(1)] "SCRIPTS IMPORT COMPLETE in Seconds: 1.909", source: chrome-extension://nkbihfbeogaeaoehlefnkodbefgpgknn/scripts/sentry-install.js (1)
[8165:8165:0318/210053.321735:INFO:CONSOLE(1)] "Dropped attempt to register inpage content script. Error: Duplicate script ID 'inpage'", source: chrome-extension://nkbihfbeogaeaoehlefnkodbefgpgknn/scripts/sentry-install.js (1)
[8165:8165:0318/210054.174171:INFO:CONSOLE(1)] "Uncaught TypeError: Cannot read properties of undefined (reading 'getSelf')", source: chrome-extension://nkbihfbeogaeaoehlefnkodbefgpgknn/scripts/sentry-install.js (1)
[8165:8165:0318/210054.179493:INFO:CONSOLE(5496)] "Removing unpermitted intrinsics", source: chrome-extension://nkbihfbeogaeaoehlefnkodbefgpgknn/scripts/runtime-lavamoat.js (5496)
[8165:8165:0318/210054.179567:INFO:CONSOLE(5500)] "Removing intrinsics.Promise.try", source: chrome-extension://nkbihfbeogaeaoehlefnkodbefgpgknn/scripts/runtime-lavamoat.js (5500)
[8165:8165:0318/210054.182230:INFO:CONSOLE(5500)] "Removing intrinsics.%FunctionPrototype%.apply.prototype", source: chrome-extension://nkbihfbeogaeaoehlefnkodbefgpgknn/scripts/runtime-lavamoat.js (5500)
[8165:8165:0318/210054.182603:INFO:CONSOLE(5500)] "Tolerating undeletable intrinsics.%FunctionPrototype%.apply.prototype === undefined", source: chrome-extension://nkbihfbeogaeaoehlefnkodbefgpgknn/scripts/runtime-lavamoat.js (5500)
[8165:8165:0318/210054.183025:INFO:CONSOLE(5500)] "Removing intrinsics.%FunctionPrototype%.bind.prototype", source: chrome-extension://nkbihfbeogaeaoehlefnkodbefgpgknn/scripts/runtime-lavamoat.js (5500)
[8165:8165:0318/210054.183353:INFO:CONSOLE(5500)] "Tolerating undeletable intrinsics.%FunctionPrototype%.bind.prototype === undefined", source: chrome-extension://nkbihfbeogaeaoehlefnkodbefgpgknn/scripts/runtime-lavamoat.js (5500)
[8165:8165:0318/210054.183763:INFO:CONSOLE(5746)] "console.groupEnd", source: chrome-extension://nkbihfbeogaeaoehlefnkodbefgpgknn/scripts/runtime-lavamoat.js (5746)
[8165:8165:0318/210054.220223:INFO:CONSOLE(23)] "Snow detected a new realm creation attempt in MetaMask. Performing scuttling on new realm. [object Window]", source: chrome-extension://nkbihfbeogaeaoehlefnkodbefgpgknn/scripts/use-snow.js (23)
[8165:8165:0318/210054.226002:INFO:CONSOLE(23)] "Snow detected a new realm creation attempt in MetaMask. Performing scuttling on new realm. [object Window]", source: chrome-extension://nkbihfbeogaeaoehlefnkodbefgpgknn/scripts/use-snow.js (23)
[8165:8165:0318/210054.230955:INFO:CONSOLE(8469)] "Property eval will not be hardened because it is scuttled by LavaMoat protection. Visit https://github.com/LavaMoat/LavaMoat/pull/360 to learn more.", source: chrome-extension://nkbihfbeogaeaoehlefnkodbefgpgknn/scripts/runtime-lavamoat.js (8469)
[8165:8165:0318/210054.471825:INFO:CONSOLE(23)] "Snow detected a new realm creation attempt in MetaMask. Performing scuttling on new realm. [object Window]", source: chrome-extension://nkbihfbeogaeaoehlefnkodbefgpgknn/scripts/use-snow.js (23)
[8165:8165:0318/210054.669948:INFO:CONSOLE(1)] "Removing unpermitted intrinsics", source: chrome-extension://nkbihfbeogaeaoehlefnkodbefgpgknn/scripts/lockdown-install.js (1)
[8165:8165:0318/210054.671455:INFO:CONSOLE(1)] "console.groupEnd", source: chrome-extension://nkbihfbeogaeaoehlefnkodbefgpgknn/scripts/lockdown-install.js (1)
[8165:8165:0318/210054.928300:INFO:CONSOLE(1)] "MetaMask < = > Ledger Bridge initialized from https://metamask.github.io/ledger-iframe-bridge/8.0.3/!", source: https://metamask.github.io/ledger-iframe-bridge/8.0.3/assets/index-j_SGnqki.js (1)
[8165:8165:0318/210055.087958:INFO:CONSOLE(1)] "Offscreen iframe loaded", source: chrome-extension://nkbihfbeogaeaoehlefnkodbefgpgknn/scripts/sentry-install.js (1)
[8165:8165:0318/210055.092203:INFO:CONSOLE(1)] "MetaMask initialization complete.", source: chrome-extension://nkbihfbeogaeaoehlefnkodbefgpgknn/scripts/sentry-install.js (1)
[8165:8165:0318/210055.959383:INFO:CONSOLE(1)] "RPC (https://metamask.github.io): metamask_getProviderState -> success", source: chrome-extension://nkbihfbeogaeaoehlefnkodbefgpgknn/scripts/sentry-install.js (1)
[8165:8165:0318/210055.960614:INFO:CONSOLE(1)] "RPC (https://metamask.github.io): metamask_sendDomainMetadata -> success", source: chrome-extension://nkbihfbeogaeaoehlefnkodbefgpgknn/scripts/sentry-install.js (1)
[8165:8165:0318/210055.961369:INFO:CONSOLE(1)] "RPC (https://www.google.com): metamask_getProviderState -> success", source: chrome-extension://nkbihfbeogaeaoehlefnkodbefgpgknn/scripts/sentry-install.js (1)
[8165:8165:0318/210055.962156:INFO:CONSOLE(1)] "RPC (https://www.google.com): metamask_sendDomainMetadata -> success", source: chrome-extension://nkbihfbeogaeaoehlefnkodbefgpgknn/scripts/sentry-install.js (1)
[8205:8205:0318/210056.293253:ERROR:gl_surface_presentation_helper.cc(260)] GetVSyncParametersIfAvailable() failed for 1 times!
[8207:8229:0318/210057.758571:WARNING:sqlite_persistent_store_backend_base.cc(198)] Failed to post task from FlushAndNotifyInBackground@net/extras/sqlite/sqlite_persistent_store_backend_base.cc:248 to client_task_runner_.
[8207:8229:0318/210057.758712:WARNING:sqlite_persistent_store_backend_base.cc(198)] Failed to post task from FlushAndNotifyInBackground@net/extras/sqlite/sqlite_persistent_store_backend_base.cc:248 to client_task_runner_.
