[332410:332410:0315/171846.868471:INFO:chrome_browser_cloud_management_controller.cc(196)] No machine level policy manager exists.
[332669:332669:0315/171847.062334:WARNING:sandbox_linux.cc(420)] InitializeSandbox() called with multiple threads in process gpu-process.
[332669:332669:0315/171847.065107:WARNING:viz_main_impl.cc(85)] VizNullHypothesis is disabled (not a warning)
[332410:332410:0315/171848.886186:INFO:CONSOLE(1)] "Removing unpermitted intrinsics", source: chrome-extension://nkbihfbeogaeaoehlefnkodbefgpgknn/scripts/lockdown-install.js (1)
[332410:332410:0315/171848.893199:INFO:CONSOLE(1)] "console.groupEnd", source: chrome-extension://nkbihfbeogaeaoehlefnkodbefgpgknn/scripts/lockdown-install.js (1)
[332410:332410:0315/171848.955679:INFO:CONSOLE(5496)] "Removing unpermitted intrinsics", source: chrome-extension://nkbihfbeogaeaoehlefnkodbefgpgknn/scripts/runtime-lavamoat.js (5496)
[332410:332410:0315/171848.961273:INFO:CONSOLE(1)] "Removing intrinsics.Promise.try", source: chrome-extension://nkbihfbeogaeaoehlefnkodbefgpgknn/scripts/sentry-install.js (1)
[332410:332410:0315/171848.974373:INFO:CONSOLE(1)] "Removing intrinsics.%FunctionPrototype%.apply.prototype", source: chrome-extension://nkbihfbeogaeaoehlefnkodbefgpgknn/scripts/sentry-install.js (1)
[332410:332410:0315/171848.975286:INFO:CONSOLE(1)] "Tolerating undeletable intrinsics.%FunctionPrototype%.apply.prototype === undefined", source: chrome-extension://nkbihfbeogaeaoehlefnkodbefgpgknn/scripts/sentry-install.js (1)
[332410:332410:0315/171848.975919:INFO:CONSOLE(1)] "Removing intrinsics.%FunctionPrototype%.bind.prototype", source: chrome-extension://nkbihfbeogaeaoehlefnkodbefgpgknn/scripts/sentry-install.js (1)
[332410:332410:0315/171848.976565:INFO:CONSOLE(1)] "Tolerating undeletable intrinsics.%FunctionPrototype%.bind.prototype === undefined", source: chrome-extension://nkbihfbeogaeaoehlefnkodbefgpgknn/scripts/sentry-install.js (1)
[332410:332410:0315/171848.977579:INFO:CONSOLE(5746)] "console.groupEnd", source: chrome-extension://nkbihfbeogaeaoehlefnkodbefgpgknn/scripts/runtime-lavamoat.js (5746)
[332410:332410:0315/171849.019835:INFO:CONSOLE(1)] "Property eval will not be hardened because it is scuttled by LavaMoat protection. Visit https://github.com/LavaMoat/LavaMoat/pull/360 to learn more.", source: chrome-extension://nkbihfbeogaeaoehlefnkodbefgpgknn/scripts/sentry-install.js (1)
[332410:332410:0315/171850.063920:INFO:CONSOLE(1)] "Error", source: https://i.cygnus.finance/.well-known/vercel/security/static/challenge.v2.min.js (1)
[332669:332669:0315/171850.157260:ERROR:gles2_cmd_decoder_passthrough.cc(1094)] [GroupMarkerNotSet(crbug.com/242999)!:A070270094270000]Automatic fallback to software WebGL has been deprecated. Please use the --enable-unsafe-swiftshader flag to opt in to lower security guarantees for trusted content.
[332410:332410:0315/171850.179116:INFO:CONSOLE(0)] "[GroupMarkerNotSet(crbug.com/242999)!:A070270094270000]Automatic fallback to software WebGL has been deprecated. Please use the --enable-unsafe-swiftshader flag to opt in to lower security guarantees for trusted content.", source: https://i.cygnus.finance/ (0)
[332410:332410:0315/171850.735966:INFO:CONSOLE(1)] "WARNING: Missing strong random number source", source: chrome-extension://nkbihfbeogaeaoehlefnkodbefgpgknn/scripts/sentry-install.js (1)
[332410:332410:0315/171853.244779:INFO:CONSOLE(1)] "This browser doesn't support requestAnimationFrame. Make sure that you load a polyfill in older browsers. https://fb.me/react-polyfills", source: chrome-extension://nkbihfbeogaeaoehlefnkodbefgpgknn/scripts/sentry-install.js (1)
[332410:332410:0315/171853.244986:INFO:CONSOLE(1)] "This browser doesn't support cancelAnimationFrame. Make sure that you load a polyfill in older browsers. https://fb.me/react-polyfills", source: chrome-extension://nkbihfbeogaeaoehlefnkodbefgpgknn/scripts/sentry-install.js (1)
[332410:332410:0315/171853.488794:INFO:CONSOLE(1)] "SCRIPTS IMPORT COMPLETE in Seconds: 5.847", source: chrome-extension://nkbihfbeogaeaoehlefnkodbefgpgknn/scripts/sentry-install.js (1)
[332410:332410:0315/171853.527766:INFO:CONSOLE(1)] "Dropped attempt to register inpage content script. Error: Duplicate script ID 'inpage'", source: chrome-extension://nkbihfbeogaeaoehlefnkodbefgpgknn/scripts/sentry-install.js (1)
[332410:332410:0315/171855.852958:INFO:CONSOLE(1)] "Uncaught TypeError: Cannot read properties of undefined (reading 'getSelf')", source: chrome-extension://nkbihfbeogaeaoehlefnkodbefgpgknn/scripts/sentry-install.js (1)
[332410:332410:0315/171855.870279:INFO:CONSOLE(5496)] "Removing unpermitted intrinsics", source: chrome-extension://nkbihfbeogaeaoehlefnkodbefgpgknn/scripts/runtime-lavamoat.js (5496)
[332410:332410:0315/171855.871879:INFO:CONSOLE(5500)] "Removing intrinsics.Promise.try", source: chrome-extension://nkbihfbeogaeaoehlefnkodbefgpgknn/scripts/runtime-lavamoat.js (5500)
[332410:332410:0315/171855.881356:INFO:CONSOLE(5500)] "Removing intrinsics.%FunctionPrototype%.apply.prototype", source: chrome-extension://nkbihfbeogaeaoehlefnkodbefgpgknn/scripts/runtime-lavamoat.js (5500)
[332410:332410:0315/171855.883420:INFO:CONSOLE(5500)] "Tolerating undeletable intrinsics.%FunctionPrototype%.apply.prototype === undefined", source: chrome-extension://nkbihfbeogaeaoehlefnkodbefgpgknn/scripts/runtime-lavamoat.js (5500)
[332410:332410:0315/171855.885326:INFO:CONSOLE(5500)] "Removing intrinsics.%FunctionPrototype%.bind.prototype", source: chrome-extension://nkbihfbeogaeaoehlefnkodbefgpgknn/scripts/runtime-lavamoat.js (5500)
[332410:332410:0315/171855.886208:INFO:CONSOLE(5500)] "Tolerating undeletable intrinsics.%FunctionPrototype%.bind.prototype === undefined", source: chrome-extension://nkbihfbeogaeaoehlefnkodbefgpgknn/scripts/runtime-lavamoat.js (5500)
[332410:332410:0315/171855.889009:INFO:CONSOLE(5746)] "console.groupEnd", source: chrome-extension://nkbihfbeogaeaoehlefnkodbefgpgknn/scripts/runtime-lavamoat.js (5746)
[332410:332410:0315/171856.014562:INFO:CONSOLE(23)] "Snow detected a new realm creation attempt in MetaMask. Performing scuttling on new realm. [object Window]", source: chrome-extension://nkbihfbeogaeaoehlefnkodbefgpgknn/scripts/use-snow.js (23)
[332410:332410:0315/171856.039404:INFO:CONSOLE(23)] "Snow detected a new realm creation attempt in MetaMask. Performing scuttling on new realm. [object Window]", source: chrome-extension://nkbihfbeogaeaoehlefnkodbefgpgknn/scripts/use-snow.js (23)
[332410:332410:0315/171856.088819:INFO:CONSOLE(8469)] "Property eval will not be hardened because it is scuttled by LavaMoat protection. Visit https://github.com/LavaMoat/LavaMoat/pull/360 to learn more.", source: chrome-extension://nkbihfbeogaeaoehlefnkodbefgpgknn/scripts/runtime-lavamoat.js (8469)
[332410:332410:0315/171856.994397:INFO:CONSOLE(23)] "Snow detected a new realm creation attempt in MetaMask. Performing scuttling on new realm. [object Window]", source: chrome-extension://nkbihfbeogaeaoehlefnkodbefgpgknn/scripts/use-snow.js (23)
[332410:332410:0315/171857.617576:INFO:CONSOLE(1)] "Removing unpermitted intrinsics", source: chrome-extension://nkbihfbeogaeaoehlefnkodbefgpgknn/scripts/lockdown-install.js (1)
[332410:332410:0315/171857.624362:INFO:CONSOLE(1)] "console.groupEnd", source: chrome-extension://nkbihfbeogaeaoehlefnkodbefgpgknn/scripts/lockdown-install.js (1)
[332410:332410:0315/171858.403731:INFO:CONSOLE(1)] "MetaMask < = > Ledger Bridge initialized from https://metamask.github.io/ledger-iframe-bridge/8.0.3/!", source: https://metamask.github.io/ledger-iframe-bridge/8.0.3/assets/index-j_SGnqki.js (1)
[332410:332410:0315/171858.649771:INFO:CONSOLE(1)] "Offscreen iframe loaded", source: chrome-extension://nkbihfbeogaeaoehlefnkodbefgpgknn/scripts/sentry-install.js (1)
[332410:332410:0315/171858.657368:INFO:CONSOLE(1)] "MetaMask initialization complete.", source: chrome-extension://nkbihfbeogaeaoehlefnkodbefgpgknn/scripts/sentry-install.js (1)
[332410:332410:0315/171859.440337:INFO:CONSOLE(1)] "RPC (https://metamask.github.io): metamask_getProviderState -> success", source: chrome-extension://nkbihfbeogaeaoehlefnkodbefgpgknn/scripts/sentry-install.js (1)
[332410:332410:0315/171859.444196:INFO:CONSOLE(1)] "RPC (https://i.cygnus.finance): metamask_getProviderState -> success", source: chrome-extension://nkbihfbeogaeaoehlefnkodbefgpgknn/scripts/sentry-install.js (1)
[332410:332410:0315/171859.450955:INFO:CONSOLE(1)] "RPC (https://i.cygnus.finance): metamask_sendDomainMetadata -> success", source: chrome-extension://nkbihfbeogaeaoehlefnkodbefgpgknn/scripts/sentry-install.js (1)
[332410:332410:0315/171859.456782:INFO:CONSOLE(1)] "RPC (https://metamask.github.io): metamask_sendDomainMetadata -> success", source: chrome-extension://nkbihfbeogaeaoehlefnkodbefgpgknn/scripts/sentry-install.js (1)
[332410:332530:0315/171917.009463:INFO:extension_garbage_collector.cc(184)] Garbage collection for extensions on file thread is complete.
