[6837:6837:0318/210010.847019:INFO:chrome_browser_cloud_management_controller.cc(196)] No machine level policy manager exists.
[6876:6876:0318/210010.975356:WARNING:sandbox_linux.cc(420)] InitializeSandbox() called with multiple threads in process gpu-process.
[6876:6876:0318/210010.976395:WARNING:viz_main_impl.cc(85)] VizNullHypothesis is disabled (not a warning)
[6837:6837:0318/210011.502352:INFO:CONSOLE(1)] "Removing unpermitted intrinsics", source: chrome-extension://nkbihfbeogaeaoehlefnkodbefgpgknn/scripts/lockdown-install.js (1)
[6837:6837:0318/210011.503523:INFO:CONSOLE(1)] "console.groupEnd", source: chrome-extension://nkbihfbeogaeaoehlefnkodbefgpgknn/scripts/lockdown-install.js (1)
[6837:6837:0318/210011.519878:INFO:CONSOLE(5496)] "Removing unpermitted intrinsics", source: chrome-extension://nkbihfbeogaeaoehlefnkodbefgpgknn/scripts/runtime-lavamoat.js (5496)
[6837:6837:0318/210011.520471:INFO:CONSOLE(1)] "Removing intrinsics.Promise.try", source: chrome-extension://nkbihfbeogaeaoehlefnkodbefgpgknn/scripts/sentry-install.js (1)
[6837:6837:0318/210011.523444:INFO:CONSOLE(1)] "Removing intrinsics.%FunctionPrototype%.apply.prototype", source: chrome-extension://nkbihfbeogaeaoehlefnkodbefgpgknn/scripts/sentry-install.js (1)
[6837:6837:0318/210011.523600:INFO:CONSOLE(1)] "Tolerating undeletable intrinsics.%FunctionPrototype%.apply.prototype === undefined", source: chrome-extension://nkbihfbeogaeaoehlefnkodbefgpgknn/scripts/sentry-install.js (1)
[6837:6837:0318/210011.523641:INFO:CONSOLE(1)] "Removing intrinsics.%FunctionPrototype%.bind.prototype", source: chrome-extension://nkbihfbeogaeaoehlefnkodbefgpgknn/scripts/sentry-install.js (1)
[6837:6837:0318/210011.523665:INFO:CONSOLE(1)] "Tolerating undeletable intrinsics.%FunctionPrototype%.bind.prototype === undefined", source: chrome-extension://nkbihfbeogaeaoehlefnkodbefgpgknn/scripts/sentry-install.js (1)
[6837:6837:0318/210011.523844:INFO:CONSOLE(5746)] "console.groupEnd", source: chrome-extension://nkbihfbeogaeaoehlefnkodbefgpgknn/scripts/runtime-lavamoat.js (5746)
[6837:6837:0318/210011.540127:INFO:CONSOLE(1)] "Property eval will not be hardened because it is scuttled by LavaMoat protection. Visit https://github.com/LavaMoat/LavaMoat/pull/360 to learn more.", source: chrome-extension://nkbihfbeogaeaoehlefnkodbefgpgknn/scripts/sentry-install.js (1)
[6837:6837:0318/210012.093911:INFO:CONSOLE(1)] "WARNING: Missing strong random number source", source: chrome-extension://nkbihfbeogaeaoehlefnkodbefgpgknn/scripts/sentry-install.js (1)
[6837:6837:0318/210012.951564:INFO:CONSOLE(1)] "This browser doesn't support requestAnimationFrame. Make sure that you load a polyfill in older browsers. https://fb.me/react-polyfills", source: chrome-extension://nkbihfbeogaeaoehlefnkodbefgpgknn/scripts/sentry-install.js (1)
[6837:6837:0318/210012.951983:INFO:CONSOLE(1)] "This browser doesn't support cancelAnimationFrame. Make sure that you load a polyfill in older browsers. https://fb.me/react-polyfills", source: chrome-extension://nkbihfbeogaeaoehlefnkodbefgpgknn/scripts/sentry-install.js (1)
[6837:6837:0318/210013.055091:INFO:CONSOLE(1)] "SCRIPTS IMPORT COMPLETE in Seconds: 1.917", source: chrome-extension://nkbihfbeogaeaoehlefnkodbefgpgknn/scripts/sentry-install.js (1)
[6837:6837:0318/210013.060613:INFO:CONSOLE(1)] "Dropped attempt to register inpage content script. Error: Duplicate script ID 'inpage'", source: chrome-extension://nkbihfbeogaeaoehlefnkodbefgpgknn/scripts/sentry-install.js (1)
[6837:6837:0318/210013.684451:INFO:CONSOLE(1)] "Uncaught TypeError: Cannot read properties of undefined (reading 'getSelf')", source: chrome-extension://nkbihfbeogaeaoehlefnkodbefgpgknn/scripts/sentry-install.js (1)
[6837:6837:0318/210013.689609:INFO:CONSOLE(5496)] "Removing unpermitted intrinsics", source: chrome-extension://nkbihfbeogaeaoehlefnkodbefgpgknn/scripts/runtime-lavamoat.js (5496)
[6837:6837:0318/210013.689676:INFO:CONSOLE(5500)] "Removing intrinsics.Promise.try", source: chrome-extension://nkbihfbeogaeaoehlefnkodbefgpgknn/scripts/runtime-lavamoat.js (5500)
[6837:6837:0318/210013.692006:INFO:CONSOLE(5500)] "Removing intrinsics.%FunctionPrototype%.apply.prototype", source: chrome-extension://nkbihfbeogaeaoehlefnkodbefgpgknn/scripts/runtime-lavamoat.js (5500)
[6837:6837:0318/210013.692350:INFO:CONSOLE(5500)] "Tolerating undeletable intrinsics.%FunctionPrototype%.apply.prototype === undefined", source: chrome-extension://nkbihfbeogaeaoehlefnkodbefgpgknn/scripts/runtime-lavamoat.js (5500)
[6837:6837:0318/210013.692702:INFO:CONSOLE(5500)] "Removing intrinsics.%FunctionPrototype%.bind.prototype", source: chrome-extension://nkbihfbeogaeaoehlefnkodbefgpgknn/scripts/runtime-lavamoat.js (5500)
[6837:6837:0318/210013.693033:INFO:CONSOLE(5500)] "Tolerating undeletable intrinsics.%FunctionPrototype%.bind.prototype === undefined", source: chrome-extension://nkbihfbeogaeaoehlefnkodbefgpgknn/scripts/runtime-lavamoat.js (5500)
[6837:6837:0318/210013.693408:INFO:CONSOLE(5746)] "console.groupEnd", source: chrome-extension://nkbihfbeogaeaoehlefnkodbefgpgknn/scripts/runtime-lavamoat.js (5746)
[6837:6837:0318/210013.892193:INFO:CONSOLE(23)] "Snow detected a new realm creation attempt in MetaMask. Performing scuttling on new realm. [object Window]", source: chrome-extension://nkbihfbeogaeaoehlefnkodbefgpgknn/scripts/use-snow.js (23)
[6837:6837:0318/210013.892491:INFO:CONSOLE(23)] "Snow detected a new realm creation attempt in MetaMask. Performing scuttling on new realm. [object Window]", source: chrome-extension://nkbihfbeogaeaoehlefnkodbefgpgknn/scripts/use-snow.js (23)
[6837:6837:0318/210013.892600:INFO:CONSOLE(8469)] "Property eval will not be hardened because it is scuttled by LavaMoat protection. Visit https://github.com/LavaMoat/LavaMoat/pull/360 to learn more.", source: chrome-extension://nkbihfbeogaeaoehlefnkodbefgpgknn/scripts/runtime-lavamoat.js (8469)
[6837:6837:0318/210014.106405:INFO:CONSOLE(23)] "Snow detected a new realm creation attempt in MetaMask. Performing scuttling on new realm. [object Window]", source: chrome-extension://nkbihfbeogaeaoehlefnkodbefgpgknn/scripts/use-snow.js (23)
[6837:6837:0318/210014.333102:INFO:CONSOLE(1)] "Removing unpermitted intrinsics", source: chrome-extension://nkbihfbeogaeaoehlefnkodbefgpgknn/scripts/lockdown-install.js (1)
[6837:6837:0318/210014.334991:INFO:CONSOLE(1)] "console.groupEnd", source: chrome-extension://nkbihfbeogaeaoehlefnkodbefgpgknn/scripts/lockdown-install.js (1)
[6837:6837:0318/210014.637017:INFO:CONSOLE(1)] "MetaMask < = > Ledger Bridge initialized from https://metamask.github.io/ledger-iframe-bridge/8.0.3/!", source: https://metamask.github.io/ledger-iframe-bridge/8.0.3/assets/index-j_SGnqki.js (1)
[6837:6837:0318/210014.799825:INFO:CONSOLE(1)] "Offscreen iframe loaded", source: chrome-extension://nkbihfbeogaeaoehlefnkodbefgpgknn/scripts/sentry-install.js (1)
[6837:6837:0318/210014.803504:INFO:CONSOLE(1)] "MetaMask initialization complete.", source: chrome-extension://nkbihfbeogaeaoehlefnkodbefgpgknn/scripts/sentry-install.js (1)
[6837:6837:0318/210015.727254:INFO:CONSOLE(1)] "RPC (https://metamask.github.io): metamask_getProviderState -> success", source: chrome-extension://nkbihfbeogaeaoehlefnkodbefgpgknn/scripts/sentry-install.js (1)
[6837:6837:0318/210015.728746:INFO:CONSOLE(1)] "RPC (https://metamask.github.io): metamask_sendDomainMetadata -> success", source: chrome-extension://nkbihfbeogaeaoehlefnkodbefgpgknn/scripts/sentry-install.js (1)
[6837:6837:0318/210015.729585:INFO:CONSOLE(1)] "RPC (https://www.google.com): metamask_getProviderState -> success", source: chrome-extension://nkbihfbeogaeaoehlefnkodbefgpgknn/scripts/sentry-install.js (1)
[6837:6837:0318/210015.730440:INFO:CONSOLE(1)] "RPC (https://www.google.com): metamask_sendDomainMetadata -> success", source: chrome-extension://nkbihfbeogaeaoehlefnkodbefgpgknn/scripts/sentry-install.js (1)
[6876:6876:0318/210016.026043:ERROR:gl_surface_presentation_helper.cc(260)] GetVSyncParametersIfAvailable() failed for 1 times!
[6878:6891:0318/210017.382668:WARNING:sqlite_persistent_store_backend_base.cc(198)] Failed to post task from FlushAndNotifyInBackground@net/extras/sqlite/sqlite_persistent_store_backend_base.cc:248 to client_task_runner_.
[6878:6891:0318/210017.382746:WARNING:sqlite_persistent_store_backend_base.cc(198)] Failed to post task from FlushAndNotifyInBackground@net/extras/sqlite/sqlite_persistent_store_backend_base.cc:248 to client_task_runner_.
